c:\users\legion\desktop\c++ game\c++ game\x64\debug\vc143.pdb
c:\users\legion\desktop\c++ game\c++ game\x64\debug\vc143.idb
c:\users\legion\desktop\c++ game\c++ game\x64\debug\props.obj
c:\users\legion\desktop\c++ game\c++ game\x64\debug\weapon.obj
c:\users\legion\desktop\c++ game\c++ game\x64\debug\tool.obj
c:\users\legion\desktop\c++ game\c++ game\x64\debug\titlescene.obj
c:\users\legion\desktop\c++ game\c++ game\x64\debug\prop.obj
c:\users\legion\desktop\c++ game\c++ game\x64\debug\player.obj
c:\users\legion\desktop\c++ game\c++ game\x64\debug\platform.obj
c:\users\legion\desktop\c++ game\c++ game\x64\debug\main.obj
c:\users\legion\desktop\c++ game\c++ game\x64\debug\ground.obj
c:\users\legion\desktop\c++ game\c++ game\x64\debug\gamescene.obj
c:\users\legion\desktop\c++ game\c++ game\x64\debug\bullet.obj
c:\users\legion\desktop\c++ game\c++ game\x64\debug\mybutton.obj
c:\users\legion\desktop\c++ game\c++ game\x64\debug\gameover.obj
c:\users\legion\desktop\c++ game\c++ game\x64\debug\blood.obj
c:\users\legion\desktop\c++ game\x64\debug\c++ game.exe
c:\users\legion\desktop\c++ game\c++ game\x64\debug\c++ game.ilk
c:\users\legion\desktop\c++ game\x64\debug\c++ game.pdb
c:\users\legion\desktop\c++ game\c++ game\x64\debug\c++ game.tlog\cl.command.1.tlog
c:\users\legion\desktop\c++ game\c++ game\x64\debug\c++ game.tlog\cl.read.1.tlog
c:\users\legion\desktop\c++ game\c++ game\x64\debug\c++ game.tlog\cl.write.1.tlog
c:\users\legion\desktop\c++ game\c++ game\x64\debug\c++ game.tlog\link.command.1.tlog
c:\users\legion\desktop\c++ game\c++ game\x64\debug\c++ game.tlog\link.read.1.tlog
c:\users\legion\desktop\c++ game\c++ game\x64\debug\c++ game.tlog\link.write.1.tlog
